C:\USERS\ADMINISTRATOR\DESKTOP\WORKOVEREXCEL123\WORKOVEREXCEL\DEBUG\WORK.EXE
C:\USERS\ADMINISTRATOR\DESKTOP\WORKOVEREXCEL123\WORKOVEREXCEL\DEBUG\WORK.ILK
C:\USERS\ADMINISTRATOR\DESKTOP\WORKOVEREXCEL123\WORKOVEREXCEL\DEBUG\WORK.PDB
C:\USERS\ADMINISTRATOR\DESKTOP\WORKOVEREXCEL123\WORKOVEREXCEL\GENERATEDFILES\DEBUG\MOC_FORMDLG.CPP
C:\USERS\ADMINISTRATOR\DESKTOP\WORKOVEREXCEL123\WORKOVEREXCEL\GENERATEDFILES\DEBUG\MOC_MAINWINDOW.CPP
C:\USERS\ADMINISTRATOR\DESKTOP\WORKOVEREXCEL123\WORKOVEREXCEL\GENERATEDFILES\UI_FORMDLG.H
C:\USERS\ADMINISTRATOR\DESKTOP\WORKOVEREXCEL123\WORKOVEREXCEL\GENERATEDFILES\UI_MAINWINDOW.H
C:\USERS\ADMINISTRATOR\DESKTOP\WORKOVEREXCEL123\WORKOVEREXCEL\WIN32\DEBUG\DB_MYSQL.OBJ
C:\USERS\ADMINISTRATOR\DESKTOP\WORKOVEREXCEL123\WORKOVEREXCEL\WIN32\DEBUG\FORMDLG.OBJ
C:\USERS\ADMINISTRATOR\DESKTOP\WORKOVEREXCEL123\WORKOVEREXCEL\WIN32\DEBUG\MAIN.OBJ
C:\USERS\ADMINISTRATOR\DESKTOP\WORKOVEREXCEL123\WORKOVEREXCEL\WIN32\DEBUG\MAINWINDOW.OBJ
C:\USERS\ADMINISTRATOR\DESKTOP\WORKOVEREXCEL123\WORKOVEREXCEL\WIN32\DEBUG\MOC_FORMDLG.OBJ
C:\USERS\ADMINISTRATOR\DESKTOP\WORKOVEREXCEL123\WORKOVEREXCEL\WIN32\DEBUG\MOC_MAINWINDOW.OBJ
C:\USERS\ADMINISTRATOR\DESKTOP\WORKOVEREXCEL123\WORKOVEREXCEL\WIN32\DEBUG\MYDB.OBJ
C:\USERS\ADMINISTRATOR\DESKTOP\WORKOVEREXCEL123\WORKOVEREXCEL\WIN32\DEBUG\VC100.PDB
C:\USERS\ADMINISTRATOR\DESKTOP\WORKOVEREXCEL123\WORKOVEREXCEL\WIN32\DEBUG\WORK.EXE.INTERMEDIATE.MANIFEST
debug\work.ilk
debug\work.pdb
E:\WORKOVEREXCEL929\WORKOVEREXCEL123\WORKOVEREXCEL\DEBUG\WORK.EXE
E:\WORKOVEREXCEL929\WORKOVEREXCEL123\WORKOVEREXCEL\DEBUG\WORK.ILK
E:\WORKOVEREXCEL929\WORKOVEREXCEL123\WORKOVEREXCEL\DEBUG\WORK.PDB
E:\WORKOVEREXCEL929\WORKOVEREXCEL123\WORKOVEREXCEL\GENERATEDFILES\DEBUG\MOC_FORMDLG.CPP
E:\WORKOVEREXCEL929\WORKOVEREXCEL123\WORKOVEREXCEL\GENERATEDFILES\DEBUG\MOC_MAINWINDOW.CPP
E:\WORKOVEREXCEL929\WORKOVEREXCEL123\WORKOVEREXCEL\GENERATEDFILES\UI_FORMDLG.H
E:\WORKOVEREXCEL929\WORKOVEREXCEL123\WORKOVEREXCEL\GENERATEDFILES\UI_MAINWINDOW.H
E:\workoverexcel929\workoverexcel123\workoverexcel\Win32\Debug\cl.command.1.tlog
E:\workoverexcel929\workoverexcel123\workoverexcel\Win32\Debug\CL.read.1.tlog
E:\workoverexcel929\workoverexcel123\workoverexcel\Win32\Debug\CL.write.1.tlog
E:\workoverexcel929\workoverexcel123\workoverexcel\Win32\Debug\custombuild.command.1.tlog
E:\workoverexcel929\workoverexcel123\workoverexcel\Win32\Debug\custombuild.read.1.tlog
E:\workoverexcel929\workoverexcel123\workoverexcel\Win32\Debug\custombuild.write.1.tlog
E:\WORKOVEREXCEL929\WORKOVEREXCEL123\WORKOVEREXCEL\WIN32\DEBUG\DB_MYSQL.OBJ
E:\WORKOVEREXCEL929\WORKOVEREXCEL123\WORKOVEREXCEL\WIN32\DEBUG\FORMDLG.OBJ
E:\workoverexcel929\workoverexcel123\workoverexcel\Win32\Debug\link.command.1.tlog
E:\workoverexcel929\workoverexcel123\workoverexcel\Win32\Debug\link.read.1.tlog
E:\workoverexcel929\workoverexcel123\workoverexcel\Win32\Debug\link.write.1.tlog
E:\WORKOVEREXCEL929\WORKOVEREXCEL123\WORKOVEREXCEL\WIN32\DEBUG\MAIN.OBJ
E:\WORKOVEREXCEL929\WORKOVEREXCEL123\WORKOVEREXCEL\WIN32\DEBUG\MAINWINDOW.OBJ
E:\WORKOVEREXCEL929\WORKOVEREXCEL123\WORKOVEREXCEL\WIN32\DEBUG\MOC_FORMDLG.OBJ
E:\WORKOVEREXCEL929\WORKOVEREXCEL123\WORKOVEREXCEL\WIN32\DEBUG\MOC_MAINWINDOW.OBJ
E:\workoverexcel929\workoverexcel123\workoverexcel\Win32\Debug\mt.command.1.tlog
E:\workoverexcel929\workoverexcel123\workoverexcel\Win32\Debug\mt.read.1.tlog
E:\workoverexcel929\workoverexcel123\workoverexcel\Win32\Debug\mt.write.1.tlog
E:\WORKOVEREXCEL929\WORKOVEREXCEL123\WORKOVEREXCEL\WIN32\DEBUG\MYDB.OBJ
E:\WORKOVEREXCEL929\WORKOVEREXCEL123\WORKOVEREXCEL\WIN32\DEBUG\VC100.PDB
E:\WORKOVEREXCEL929\WORKOVEREXCEL123\WORKOVEREXCEL\WIN32\DEBUG\WORK.EXE.INTERMEDIATE.MANIFEST
E:\workoverexcel929\workoverexcel123\workoverexcel\Win32\Debug\work.vcxprojResolveAssemblyReference.cache
E:\workoverexcel929\workoverexcel123\workoverexcel\Win32\Debug\work.write.1.tlog
