E:\WORKOVEREXCEL929\WORKOVEREXCEL123\WORKOVEREXCEL\GENERATEDFILES\RELEASE\MOC_FORMDLG.CPP
E:\WORKOVEREXCEL929\WORKOVEREXCEL123\WORKOVEREXCEL\GENERATEDFILES\RELEASE\MOC_MAINWINDOW.CPP
E:\WORKOVEREXCEL929\WORKOVEREXCEL123\WORKOVEREXCEL\GENERATEDFILES\UI_FORMDLG.H
E:\WORKOVEREXCEL929\WORKOVEREXCEL123\WORKOVEREXCEL\GENERATEDFILES\UI_MAINWINDOW.H
E:\WORKOVEREXCEL929\WORKOVEREXCEL123\WORKOVEREXCEL\RELEASE\WORK.EXE
E:\workoverexcel929\workoverexcel123\workoverexcel\Win32\Release\cl.command.1.tlog
E:\workoverexcel929\workoverexcel123\workoverexcel\Win32\Release\CL.read.1.tlog
E:\workoverexcel929\workoverexcel123\workoverexcel\Win32\Release\CL.write.1.tlog
E:\workoverexcel929\workoverexcel123\workoverexcel\Win32\Release\custombuild.command.1.tlog
E:\workoverexcel929\workoverexcel123\workoverexcel\Win32\Release\custombuild.read.1.tlog
E:\workoverexcel929\workoverexcel123\workoverexcel\Win32\Release\custombuild.write.1.tlog
E:\WORKOVEREXCEL929\WORKOVEREXCEL123\WORKOVEREXCEL\WIN32\RELEASE\DB_MYSQL.OBJ
E:\WORKOVEREXCEL929\WORKOVEREXCEL123\WORKOVEREXCEL\WIN32\RELEASE\FORMDLG.OBJ
E:\workoverexcel929\workoverexcel123\workoverexcel\Win32\Release\link.command.1.tlog
E:\workoverexcel929\workoverexcel123\workoverexcel\Win32\Release\link.read.1.tlog
E:\workoverexcel929\workoverexcel123\workoverexcel\Win32\Release\link.write.1.tlog
E:\WORKOVEREXCEL929\WORKOVEREXCEL123\WORKOVEREXCEL\WIN32\RELEASE\MAIN.OBJ
E:\WORKOVEREXCEL929\WORKOVEREXCEL123\WORKOVEREXCEL\WIN32\RELEASE\MAINWINDOW.OBJ
E:\WORKOVEREXCEL929\WORKOVEREXCEL123\WORKOVEREXCEL\WIN32\RELEASE\MOC_FORMDLG.OBJ
E:\WORKOVEREXCEL929\WORKOVEREXCEL123\WORKOVEREXCEL\WIN32\RELEASE\MOC_MAINWINDOW.OBJ
E:\workoverexcel929\workoverexcel123\workoverexcel\Win32\Release\mt.command.1.tlog
E:\workoverexcel929\workoverexcel123\workoverexcel\Win32\Release\mt.read.1.tlog
E:\workoverexcel929\workoverexcel123\workoverexcel\Win32\Release\mt.write.1.tlog
E:\WORKOVEREXCEL929\WORKOVEREXCEL123\WORKOVEREXCEL\WIN32\RELEASE\MYDB.OBJ
E:\WORKOVEREXCEL929\WORKOVEREXCEL123\WORKOVEREXCEL\WIN32\RELEASE\VC100.PDB
E:\WORKOVEREXCEL929\WORKOVEREXCEL123\WORKOVEREXCEL\WIN32\RELEASE\WORK.EXE.INTERMEDIATE.MANIFEST
